\BOOKMARK [1][-]{section.1}{Introduction}{}% 1
\BOOKMARK [2][-]{subsection.1.1}{Objectives}{section.1}% 2
\BOOKMARK [2][-]{subsection.1.2}{Research question}{section.1}% 3
\BOOKMARK [2][-]{subsection.1.3}{Hypothesis}{section.1}% 4
\BOOKMARK [2][-]{subsection.1.4}{Contribution}{section.1}% 5
\BOOKMARK [2][-]{subsection.1.5}{Organization}{section.1}% 6
\BOOKMARK [1][-]{section.2}{Related Work}{}% 7
\BOOKMARK [1][-]{section.3}{The Dataset}{}% 8
\BOOKMARK [2][-]{subsection.3.1}{Training Data}{section.3}% 9
\BOOKMARK [2][-]{subsection.3.2}{Testing}{section.3}% 10
\BOOKMARK [3][-]{subsubsection.3.2.1}{Agreement Test}{subsection.3.2}% 11
\BOOKMARK [3][-]{subsubsection.3.2.2}{Correlation Test}{subsection.3.2}% 12
\BOOKMARK [3][-]{subsubsection.3.2.3}{Test Set}{subsection.3.2}% 13
\BOOKMARK [1][-]{section.4}{Model design}{}% 14
\BOOKMARK [2][-]{subsection.4.1}{Neural Networks design}{section.4}% 15
\BOOKMARK [2][-]{subsection.4.2}{Model Ensemble}{section.4}% 16
\BOOKMARK [1][-]{section.5}{Experimental set up}{}% 17
\BOOKMARK [2][-]{subsection.5.1}{Implementation}{section.5}% 18
\BOOKMARK [2][-]{subsection.5.2}{Training}{section.5}% 19
\BOOKMARK [2][-]{subsection.5.3}{Testing/Evaluation}{section.5}% 20
\BOOKMARK [1][-]{section.6}{Results}{}% 21
\BOOKMARK [1][-]{section.7}{Conclusion}{}% 22
\BOOKMARK [1][-]{section*.1}{Appendix}{}% 23
